C51 COMPILER V9.60.0.0   WAVEGENERATION2                                                   02/12/2022 14:29:54 PAGE 1   


C51 COMPILER V9.60.0.0, COMPILATION OF MODULE WAVEGENERATION2
OBJECT MODULE PLACED IN .\Objects\wavegeneration2.obj
COMPILER INVOKED BY: C:\Keil_v5\C51\BIN\C51.EXE wavegeneration2.c OPTIMIZE(8,SPEED) BROWSE DEBUG OBJECTEXTEND PRINT(.\Li
                    -stings\wavegeneration2.lst) TABS(2) OBJECT(.\Objects\wavegeneration2.obj)

line level    source

   1          #include<reg51.h>
   2          void delay();
   3          void main()
   4          {
   5   1        while(1)
   6   1        {
   7   2          P1+=0x88;
   8   2          delay();
   9   2          P1=0x00;
  10   2          delay();
  11   2        }
  12   1      }
  13          void delay()
  14          {
  15   1        int i,j,k;
  16   1        for(i=0;i<10;i++);
  17   1        for(j=0;j<100;j++);
  18   1        for(k=0;k<200;k++);
  19   1      }


MODULE INFORMATION:   STATIC OVERLAYABLE
   CODE SIZE        =     60    ----
   CONSTANT SIZE    =   ----    ----
   XDATA SIZE       =   ----    ----
   PDATA SIZE       =   ----    ----
   DATA SIZE        =   ----    ----
   IDATA SIZE       =   ----    ----
   BIT SIZE         =   ----    ----
END OF MODULE INFORMATION.


C51 COMPILATION COMPLETE.  0 WARNING(S),  0 ERROR(S)
