C51 COMPILER V9.60.0.0   TRIANGULARWAVE                                                    02/12/2022 14:16:23 PAGE 1   


C51 COMPILER V9.60.0.0, COMPILATION OF MODULE TRIANGULARWAVE
OBJECT MODULE PLACED IN .\Objects\triangularwave.obj
COMPILER INVOKED BY: C:\Keil_v5\C51\BIN\C51.EXE triangularwave.c OPTIMIZE(8,SPEED) BROWSE DEBUG OBJECTEXTEND PRINT(.\Lis
                    -tings\triangularwave.lst) TABS(2) OBJECT(.\Objects\triangularwave.obj)

line level    source

   1          #include<reg51.h>
   2          void main()
   3          {
   4   1        P1=0x00;
   5   1        {
   6   2          do
   7   2          {
   8   3            P1+=0x05;
   9   3          }
  10   2          while(P1<0xFF);
  11   2          do
  12   2          {
  13   3              P1-=0x05;
  14   3          }
  15   2          while(P1>0x00);
  16   2        }
  17   1      }


MODULE INFORMATION:   STATIC OVERLAYABLE
   CODE SIZE        =     40    ----
   CONSTANT SIZE    =   ----    ----
   XDATA SIZE       =   ----    ----
   PDATA SIZE       =   ----    ----
   DATA SIZE        =   ----    ----
   IDATA SIZE       =   ----    ----
   BIT SIZE         =   ----    ----
END OF MODULE INFORMATION.


C51 COMPILATION COMPLETE.  0 WARNING(S),  0 ERROR(S)
